------------------
	    2	_D3std8internal7cstring23__T11tempCStringTuTAyaZ11tempCStringFNbNiNfAyaZS3std8internal7cstring23__T11tempCStringTuTAyaZ11tempCStringFAyaZ3Res
_D3std3utf12__T5byUTFTuZ75__T5byUTFTS3std3utf20__T10byCodeUnitTAxaZ10byCodeUnitFAxaZ14ByCodeUnitImplZ5byUTFFNaNbNiNfS3std3utf20__T10byCodeUnitTAxaZ10byCodeUnitFAxaZ14ByCodeUnitImplZS3std3utf12__T5byUTFTuZ75__T5byUTFTS3std3utf20__T10byCodeUnitTAxaZ10byCodeUnitFAxaZ14ByCodeUnitImplZ5byUTFFNcS3std3utf20__T10byCodeUnitTAxaZ10byCodeUnitFAxaZ14ByCodeUnitImplZ6Result	2	19	19
------------------
	    2	_D3std8internal7cstring23__T11tempCStringTuTAyaZ11tempCStringFNbNiNfAyaZS3std8internal7cstring23__T11tempCStringTuTAyaZ11tempCStringFAyaZ3Res
_D3std3utf20__T10byCodeUnitTAxaZ10byCodeUnitFNaNbNiNfAxaZS3std3utf20__T10byCodeUnitTAxaZ10byCodeUnitFAxaZ14ByCodeUnitImpl	2	0	0
------------------
	   18	_D3std8internal7cstring23__T11tempCStringTuTAyaZ11tempCStringFNbNiNfAyaZS3std8internal7cstring23__T11tempCStringTuTAyaZ11tempCStringFAyaZ3Res
_D3std3utf90__T6encodeVE3std8typecons55__T4FlagVAyaa19_7573655265706c6163656d656e744463686172Z4Flagi1Z6encodeFNaNbNiNfKG2uwZk	18	1	1
------------------
	    2	_D3std5stdio4File22__T5writeTAyaTkTAyaTaZ5writeMFNfAyakAyaaZv
_D3std4conv55__T11toTextRangeTkTS3std5stdio4File17LockingTextWriterZ11toTextRangeFNfkS3std5stdio4File17LockingTextWriterZv	2	3	2
	    2	_D3std5stdio4File17LockingTextWriter11__T3putTAaZ3putMFNfAaZv
------------------
	    4	_D3std5stdio4File18__T5writeTAyaTlTaZ5writeMFNfAyalaZv
_D3std4conv55__T11toTextRangeTlTS3std5stdio4File17LockingTextWriterZ11toTextRangeFNflS3std5stdio4File17LockingTextWriterZv	4	9	6
	    4	_D3std5stdio4File17LockingTextWriter11__T3putTAaZ3putMFNfAaZv
------------------
	    2	_Dmain
_D3std4file15__T6existsTAyaZ6existsFNbNiNfAyaZb	2	532	483
	    2	_D3std8internal7cstring23__T11tempCStringTuTAyaZ11tempCStringFNbNiNfAyaZS3std8internal7cstring23__T11tempCStringTuTAyaZ11tempCStringFAyaZ3Res
	    2	_D3std8internal7cstring23__T11tempCStringTuTAyaZ11tempCStringFAyaZ3Res6__dtorMFNbNiNeZv
------------------
	6000000	_D3std5array17__T8AppenderTAyaZ8Appender11__T3putTAaZ3putMFNaNbNfAaZv
_D3std5array17__T8AppenderTAyaZ8Appender11__T3putTAaZ3putMFAaZ10bigDataFunMFNaNbNekZAa	6000000	3750067	789634
	6000000	_D3std5array17__T8AppenderTAyaZ8Appender13ensureAddableMFNaNbNekZv
------------------
	6000000	_D3std6format61__T11formatValueTS3std5array17__T8AppenderTAyaZ8AppenderTdTaZ11formatValueFNfS3std5array17__T8AppenderTAyaZ8AppenderdKS3std6format18__T10FormatSpecTaZ10FormatSpecZv
_D3std5array17__T8AppenderTAyaZ8Appender11__T3putTAaZ3putMFNaNbNfAaZv	6000000	4709585	959518
	6000000	_D3std5array17__T8AppenderTAyaZ8Appender11__T3putTAaZ3putMFAaZ10bigDataFunMFNaNbNekZAa
------------------
	8000000	_D3std5array17__T8AppenderTAyaZ8Appender12__T3putTAxaZ3putMFNaNbNfAxaZv
_D3std5array17__T8AppenderTAyaZ8Appender12__T3putTAxaZ3putMFAxaZ10bigDataFunMFNaNbNekZAa	8000000	2758280	1051016
	8000000	_D3std5array17__T8AppenderTAyaZ8Appender13ensureAddableMFNaNbNekZv
------------------
	8000000	_D3std6format18__T10FormatSpecTaZ10FormatSpec63__T17writeUpToNextSpecTS3std5array17__T8AppenderTAyaZ8AppenderZ17writeUpToNextSpecMFNaNfS3std5array17__T8AppenderTAyaZ8AppenderZb
_D3std5array17__T8AppenderTAyaZ8Appender12__T3putTAxaZ3putMFNaNbNfAxaZv	8000000	4160082	1401802
	8000000	_D3std5array17__T8AppenderTAyaZ8Appender12__T3putTAxaZ3putMFAxaZ10bigDataFunMFNaNbNekZAa
------------------
	8000000	_D3std5array17__T8AppenderTAyaZ8Appender12__T3putTAxaZ3putMFAxaZ10bigDataFunMFNaNbNekZAa
	6000000	_D3std5array17__T8AppenderTAyaZ8Appender11__T3putTAaZ3putMFAaZ10bigDataFunMFNaNbNekZAa
_D3std5array17__T8AppenderTAyaZ8Appender13ensureAddableMFNaNbNekZv	14000000	4667697	4135312
	6000000	_D3std5array29__T19appenderNewCapacityVki1Z19appenderNewCapacityFNaNbNiNfkkZk
------------------
	2000000	_D3std6format19__T6formatTaTdTdTdZ6formatFNfxAadddZAya
_D3std5array17__T8AppenderTAyaZ8Appender6__ctorMFNaNbNcNeAyaZS3std5array17__T8AppenderTAyaZ8Appender	2000000	598137	598137
------------------
	6000000	_D3std5array17__T8AppenderTAyaZ8Appender13ensureAddableMFNaNbNekZv
_D3std5array29__T19appenderNewCapacityVki1Z19appenderNewCapacityFNaNbNiNfkkZk	6000000	532385	532385
------------------
	    4	_Dmain
_D3std5stdio18__T7writelnTAyaTdZ7writelnFNfAyadZv	4	609	3
	    4	_D3std5stdio4File18__T5writeTAyaTdTaZ5writeMFNfAyadaZv
------------------
	    4	_Dmain
_D3std5stdio18__T7writelnTAyaTlZ7writelnFNfAyalZv	4	1162	4
	    4	_D3std5stdio4File18__T5writeTAyaTlTaZ5writeMFNfAyalaZv
------------------
	    2	_Dmain
_D3std5stdio22__T7writelnTAyaTkTAyaZ7writelnFNfAyakAyaZv	2	1027	4
	    2	_D3std5stdio4File22__T5writeTAyaTkTAyaTaZ5writeMFNfAyakAyaaZv
------------------
	    2	_Dmain
_D3std5stdio4File13__T6readlnTaZ6readlnMFKAawZk	2	1434631274	1434631274
	    2	_D3std9exception27__T7enforceHTC9ExceptionTbZ7enforceFNaNfbLAxaAyakZb
------------------
	    2	_D3std5stdio4File22__T5writeTAyaTkTAyaTaZ5writeMFNfAyakAyaaZv
	    4	_D3std5stdio4File18__T5writeTAyaTlTaZ5writeMFNfAyalaZv
	    4	_D3std5stdio4File18__T5writeTAyaTdTaZ5writeMFNfAyadaZv
_D3std5stdio4File17LockingTextWriter10__T3putTaZ3putMFNbNiNfaZv	10	2301	2301
------------------
	    2	_D3std4conv55__T11toTextRangeTkTS3std5stdio4File17LockingTextWriterZ11toTextRangeFNfkS3std5stdio4File17LockingTextWriterZv
	    4	_D3std4conv55__T11toTextRangeTlTS3std5stdio4File17LockingTextWriterZ11toTextRangeFNflS3std5stdio4File17LockingTextWriterZv
	    4	_D3std6format57__T11formatValueTS3std5stdio4File17LockingTextWriterTdTaZ11formatValueFNfS3std5stdio4File17LockingTextWriterdKS3std6format18__T10FormatSpecTaZ10FormatSpecZv
_D3std5stdio4File17LockingTextWriter11__T3putTAaZ3putMFNfAaZv	10	5	5
------------------
	    4	_D3std6format18__T10FormatSpecTaZ10FormatSpec59__T17writeUpToNextSpecTS3std5stdio4File17LockingTextWriterZ17writeUpToNextSpecMFNfS3std5stdio4File17LockingTextWriterZb
_D3std5stdio4File17LockingTextWriter12__T3putTAxaZ3putMFNfAxaZv	4	1	1
------------------
	    4	_D3std5stdio4File22__T5writeTAyaTkTAyaTaZ5writeMFNfAyakAyaaZv
	    4	_D3std5stdio4File18__T5writeTAyaTlTaZ5writeMFNfAyalaZv
	    4	_D3std5stdio4File18__T5writeTAyaTdTaZ5writeMFNfAyadaZv
_D3std5stdio4File17LockingTextWriter12__T3putTAyaZ3putMFNfAyaZv	12	196	196
------------------
	    4	_D3std5stdio18__T7writelnTAyaTdZ7writelnFNfAyadZv
_D3std5stdio4File18__T5writeTAyaTdTaZ5writeMFNfAyadaZv	4	606	9
	    4	_D3std9exception27__T7enforceHTC9ExceptionTbZ7enforceFNaNfbLAxaAyakZb
	    4	_D3std5stdio4File17LockingTextWriter12__T3putTAyaZ3putMFNfAyaZv
	    4	_D3std6format60__T14formattedWriteTS3std5stdio4File17LockingTextWriterTaTdZ14formattedWriteFNfS3std5stdio4File17LockingTextWriterxAadZk
	    4	_D3std5stdio4File17LockingTextWriter10__T3putTaZ3putMFNbNiNfaZv
------------------
	    4	_D3std5stdio18__T7writelnTAyaTlZ7writelnFNfAyalZv
_D3std5stdio4File18__T5writeTAyaTlTaZ5writeMFNfAyalaZv	4	1158	85
	    4	_D3std9exception27__T7enforceHTC9ExceptionTbZ7enforceFNaNfbLAxaAyakZb
	    4	_D3std5stdio4File17LockingTextWriter12__T3putTAyaZ3putMFNfAyaZv
	    4	_D3std4conv55__T11toTextRangeTlTS3std5stdio4File17LockingTextWriterZ11toTextRangeFNflS3std5stdio4File17LockingTextWriterZv
	    4	_D3std5stdio4File17LockingTextWriter10__T3putTaZ3putMFNbNiNfaZv
------------------
	    2	_D3std5stdio22__T7writelnTAyaTkTAyaZ7writelnFNfAyakAyaZv
_D3std5stdio4File22__T5writeTAyaTkTAyaTaZ5writeMFNfAyakAyaaZv	2	1023	86
	    2	_D3std9exception27__T7enforceHTC9ExceptionTbZ7enforceFNaNfbLAxaAyakZb
	    4	_D3std5stdio4File17LockingTextWriter12__T3putTAyaZ3putMFNfAyaZv
	    2	_D3std4conv55__T11toTextRangeTkTS3std5stdio4File17LockingTextWriterZ11toTextRangeFNfkS3std5stdio4File17LockingTextWriterZv
	    2	_D3std5stdio4File17LockingTextWriter10__T3putTaZ3putMFNbNiNfaZv
------------------
	    8	_D3std6format60__T14formattedWriteTS3std5stdio4File17LockingTextWriterTaTdZ14formattedWriteFNfS3std5stdio4File17LockingTextWriterxAadZk
_D3std6format18__T10FormatSpecTaZ10FormatSpec59__T17writeUpToNextSpecTS3std5stdio4File17LockingTextWriterZ17writeUpToNextSpecMFNfS3std5stdio4File17LockingTextWriterZb	8	13	11
	    4	_D3std5stdio4File17LockingTextWriter12__T3putTAxaZ3putMFNfAxaZv
	    4	_D3std9exception45__T9enforceExHTC3std6format15FormatExceptionZ16__T9enforceExTbZ9enforceExFNaNfbLAyaAyakZb
------------------
	8000000	_D3std6format68__T14formattedWriteTS3std5array17__T8AppenderTAyaZ8AppenderTaTdTdTdZ14formattedWriteFNfS3std5array17__T8AppenderTAyaZ8AppenderxAadddZk
_D3std6format18__T10FormatSpecTaZ10FormatSpec63__T17writeUpToNextSpecTS3std5array17__T8AppenderTAyaZ8AppenderZ17writeUpToNextSpecMFNaNfS3std5array17__T8AppenderTAyaZ8AppenderZb	8000000	6728794	2257817
	8000000	_D3std5array17__T8AppenderTAyaZ8Appender12__T3putTAxaZ3putMFNaNbNfAxaZv
	6000000	_D3std9exception45__T9enforceExHTC3std6format15FormatExceptionZ16__T9enforceExTbZ9enforceExFNaNfbLAyaAyakZb
------------------
	2000000	_Dmain
_D3std6format19__T6formatTaTdTdTdZ6formatFNfxAadddZAya	2000000	26397610	422048
	2000000	_D3std5array17__T8AppenderTAyaZ8Appender6__ctorMFNaNbNcNeAyaZS3std5array17__T8AppenderTAyaZ8Appender
	2000000	_D3std6format68__T14formattedWriteTS3std5array17__T8AppenderTAyaZ8AppenderTaTdTdTdZ14formattedWriteFNfS3std5array17__T8AppenderTAyaZ8AppenderxAadddZk
------------------
	    4	_D3std6format59__T13formatGenericTS3std5stdio4File17LockingTextWriterTdTaZ13formatGenericFS3std5stdio4File17LockingTextWriterPxvKS3std6format18__T10FormatSpecTaZ10FormatSpecZv
_D3std6format57__T11formatValueTS3std5stdio4File17LockingTextWriterTdTaZ11formatValueFNfS3std5stdio4File17LockingTextWriterdKS3std6format18__T10FormatSpecTaZ10FormatSpecZv	4	40	9
	    4	_D3std9algorithm9searching34__T4findVAyaa6_61203d3d2062TAyaTaZ4findFNaNfAyaaZAya
	    4	_D3std6format57__T11formatValueTS3std5stdio4File17LockingTextWriterTdTaZ11formatValueFS3std5stdio4File17LockingTextWriterdKS3std6format18__T10FormatSpecTaZ10FormatSpecZ9__lambda6MFNbNiNeZi
	    4	_D3std9exception45__T9enforceExHTC3std6format15FormatExceptionZ16__T9enforceExTbZ9enforceExFNaNfbLAyaAyakZb
	    4	_D3std5stdio4File17LockingTextWriter11__T3putTAaZ3putMFNfAaZv
------------------
	    4	_D3std6format57__T11formatValueTS3std5stdio4File17LockingTextWriterTdTaZ11formatValueFNfS3std5stdio4File17LockingTextWriterdKS3std6format18__T10FormatSpecTaZ10FormatSpecZv
_D3std6format57__T11formatValueTS3std5stdio4File17LockingTextWriterTdTaZ11formatValueFS3std5stdio4File17LockingTextWriterdKS3std6format18__T10FormatSpecTaZ10FormatSpecZ9__lambda6MFNbNiNeZi	4	28	28
------------------
	    4	_D3std6format60__T14formattedWriteTS3std5stdio4File17LockingTextWriterTaTdZ14formattedWriteFNfS3std5stdio4File17LockingTextWriterxAadZk
_D3std6format59__T13formatGenericTS3std5stdio4File17LockingTextWriterTdTaZ13formatGenericFS3std5stdio4File17LockingTextWriterPxvKS3std6format18__T10FormatSpecTaZ10FormatSpecZv	4	44	4
	    4	_D3std6format57__T11formatValueTS3std5stdio4File17LockingTextWriterTdTaZ11formatValueFNfS3std5stdio4File17LockingTextWriterdKS3std6format18__T10FormatSpecTaZ10FormatSpecZv
------------------
	    4	_D3std5stdio4File18__T5writeTAyaTdTaZ5writeMFNfAyadaZv
_D3std6format60__T14formattedWriteTS3std5stdio4File17LockingTextWriterTaTdZ14formattedWriteFNfS3std5stdio4File17LockingTextWriterxAadZk	4	97	40
	    4	_D3std6format60__T14formattedWriteTS3std5stdio4File17LockingTextWriterTaTdZ14formattedWriteFS3std5stdio4File17LockingTextWriterxAadZ9__lambda5FNaNbNiNeZPFNaNbNfS3std5stdio4File17LockingTextWriterPxvKS3std6format18__T10FormatSpecTaZ10FormatSpecZv
	    4	_D3std6format60__T14formattedWriteTS3std5stdio4File17LockingTextWriterTaTdZ14formattedWriteFS3std5stdio4File17LockingTextWriterxAadZ16__T9__lambda6TdZ9__lambda6FNaNbNiNeKdZxPv
	    8	_D3std6format18__T10FormatSpecTaZ10FormatSpec59__T17writeUpToNextSpecTS3std5stdio4File17LockingTextWriterZ17writeUpToNextSpecMFNfS3std5stdio4File17LockingTextWriterZb
	    4	_D3std6format59__T13formatGenericTS3std5stdio4File17LockingTextWriterTdTaZ13formatGenericFS3std5stdio4File17LockingTextWriterPxvKS3std6format18__T10FormatSpecTaZ10FormatSpecZv
------------------
	    4	_D3std6format60__T14formattedWriteTS3std5stdio4File17LockingTextWriterTaTdZ14formattedWriteFNfS3std5stdio4File17LockingTextWriterxAadZk
_D3std6format60__T14formattedWriteTS3std5stdio4File17LockingTextWriterTaTdZ14formattedWriteFS3std5stdio4File17LockingTextWriterxAadZ16__T9__lambda6TdZ9__lambda6FNaNbNiNeKdZxPv	4	0	0
------------------
	    4	_D3std6format60__T14formattedWriteTS3std5stdio4File17LockingTextWriterTaTdZ14formattedWriteFNfS3std5stdio4File17LockingTextWriterxAadZk
_D3std6format60__T14formattedWriteTS3std5stdio4File17LockingTextWriterTaTdZ14formattedWriteFS3std5stdio4File17LockingTextWriterxAadZ9__lambda5FNaNbNiNeZPFNaNbNfS3std5stdio4File17LockingTextWriterPxvKS3std6format18__T10FormatSpecTaZ10FormatSpecZv	4	0	0
------------------
	6000000	_D3std6format63__T13formatGenericTS3std5array17__T8AppenderTAyaZ8AppenderTdTaZ13formatGenericFS3std5array17__T8AppenderTAyaZ8AppenderPxvKS3std6format18__T10FormatSpecTaZ10FormatSpecZv
_D3std6format61__T11formatValueTS3std5array17__T8AppenderTAyaZ8AppenderTdTaZ11formatValueFNfS3std5array17__T8AppenderTAyaZ8AppenderdKS3std6format18__T10FormatSpecTaZ10FormatSpecZv	6000000	14870537	2759590
	6000000	_D3std9algorithm9searching34__T4findVAyaa6_61203d3d2062TAyaTaZ4findFNaNfAyaaZAya
	6000000	_D3std6format61__T11formatValueTS3std5array17__T8AppenderTAyaZ8AppenderTdTaZ11formatValueFS3std5array17__T8AppenderTAyaZ8AppenderdKS3std6format18__T10FormatSpecTaZ10FormatSpecZ9__lambda6MFNbNiNeZi
	6000000	_D3std9exception45__T9enforceExHTC3std6format15FormatExceptionZ16__T9enforceExTbZ9enforceExFNaNfbLAyaAyakZb
	6000000	_D3std5array17__T8AppenderTAyaZ8Appender11__T3putTAaZ3putMFNaNbNfAaZv
------------------
	6000000	_D3std6format61__T11formatValueTS3std5array17__T8AppenderTAyaZ8AppenderTdTaZ11formatValueFNfS3std5array17__T8AppenderTAyaZ8AppenderdKS3std6format18__T10FormatSpecTaZ10FormatSpecZv
_D3std6format61__T11formatValueTS3std5array17__T8AppenderTAyaZ8AppenderTdTaZ11formatValueFS3std5array17__T8AppenderTAyaZ8AppenderdKS3std6format18__T10FormatSpecTaZ10FormatSpecZ9__lambda6MFNbNiNeZi	6000000	6620115	6620115
------------------
	6000000	_D3std6format68__T14formattedWriteTS3std5array17__T8AppenderTAyaZ8AppenderTaTdTdTdZ14formattedWriteFNfS3std5array17__T8AppenderTAyaZ8AppenderxAadddZk
_D3std6format63__T13formatGenericTS3std5array17__T8AppenderTAyaZ8AppenderTdTaZ13formatGenericFS3std5array17__T8AppenderTAyaZ8AppenderPxvKS3std6format18__T10FormatSpecTaZ10FormatSpecZv	6000000	15818195	947658
	6000000	_D3std6format61__T11formatValueTS3std5array17__T8AppenderTAyaZ8AppenderTdTaZ11formatValueFNfS3std5array17__T8AppenderTAyaZ8AppenderdKS3std6format18__T10FormatSpecTaZ10FormatSpecZv
------------------
	2000000	_D3std6format19__T6formatTaTdTdTdZ6formatFNfxAadddZAya
_D3std6format68__T14formattedWriteTS3std5array17__T8AppenderTAyaZ8AppenderTaTdTdTdZ14formattedWriteFNfS3std5array17__T8AppenderTAyaZ8AppenderxAadddZk	2000000	25377425	2181924
	2000000	_D3std6format68__T14formattedWriteTS3std5array17__T8AppenderTAyaZ8AppenderTaTdTdTdZ14formattedWriteFS3std5array17__T8AppenderTAyaZ8AppenderxAadddZ9__lambda7FNaNbNiNeZPFNaNbNfS3std5array17__T8AppenderTAyaZ8AppenderPxvKS3std6format18__T10FormatSpecTaZ10FormatSpecZv
	2000000	_D3std6format68__T14formattedWriteTS3std5array17__T8AppenderTAyaZ8AppenderTaTdTdTdZ14formattedWriteFS3std5array17__T8AppenderTAyaZ8AppenderxAadddZ16__T9__lambda8TdZ9__lambda8FNaNbNiNeKdZxPv
	2000000	_D3std6format68__T14formattedWriteTS3std5array17__T8AppenderTAyaZ8AppenderTaTdTdTdZ14formattedWriteFS3std5array17__T8AppenderTAyaZ8AppenderxAadddZ9__lambda9FNaNbNiNeZPFNaNbNfS3std5array17__T8AppenderTAyaZ8AppenderPxvKS3std6format18__T10FormatSpecTaZ10FormatSpecZv
	2000000	_D3std6format68__T14formattedWriteTS3std5array17__T8AppenderTAyaZ8AppenderTaTdTdTdZ14formattedWriteFS3std5array17__T8AppenderTAyaZ8AppenderxAadddZ18__T10__lambda10TdZ10__lambda10FNaNbNiNeKdZxPv
	2000000	_D3std6format68__T14formattedWriteTS3std5array17__T8AppenderTAyaZ8AppenderTaTdTdTdZ14formattedWriteFS3std5array17__T8AppenderTAyaZ8AppenderxAadddZ10__lambda11FNaNbNiNeZPFNaNbNfS3std5array17__T8AppenderTAyaZ8AppenderPxvKS3std6format18__T10FormatSpecTaZ10FormatSpecZv
	2000000	_D3std6format68__T14formattedWriteTS3std5array17__T8AppenderTAyaZ8AppenderTaTdTdTdZ14formattedWriteFS3std5array17__T8AppenderTAyaZ8AppenderxAadddZ18__T10__lambda12TdZ10__lambda12FNaNbNiNeKdZxPv
	8000000	_D3std6format18__T10FormatSpecTaZ10FormatSpec63__T17writeUpToNextSpecTS3std5array17__T8AppenderTAyaZ8AppenderZ17writeUpToNextSpecMFNaNfS3std5array17__T8AppenderTAyaZ8AppenderZb
	6000000	_D3std6format63__T13formatGenericTS3std5array17__T8AppenderTAyaZ8AppenderTdTaZ13formatGenericFS3std5array17__T8AppenderTAyaZ8AppenderPxvKS3std6format18__T10FormatSpecTaZ10FormatSpecZv
------------------
	2000000	_D3std6format68__T14formattedWriteTS3std5array17__T8AppenderTAyaZ8AppenderTaTdTdTdZ14formattedWriteFNfS3std5array17__T8AppenderTAyaZ8AppenderxAadddZk
_D3std6format68__T14formattedWriteTS3std5array17__T8AppenderTAyaZ8AppenderTaTdTdTdZ14formattedWriteFS3std5array17__T8AppenderTAyaZ8AppenderxAadddZ10__lambda11FNaNbNiNeZPFNaNbNfS3std5array17__T8AppenderTAyaZ8AppenderPxvKS3std6format18__T10FormatSpecTaZ10FormatSpecZv	2000000	106139	106139
------------------
	2000000	_D3std6format68__T14formattedWriteTS3std5array17__T8AppenderTAyaZ8AppenderTaTdTdTdZ14formattedWriteFNfS3std5array17__T8AppenderTAyaZ8AppenderxAadddZk
_D3std6format68__T14formattedWriteTS3std5array17__T8AppenderTAyaZ8AppenderTaTdTdTdZ14formattedWriteFS3std5array17__T8AppenderTAyaZ8AppenderxAadddZ16__T9__lambda8TdZ9__lambda8FNaNbNiNeKdZxPv	2000000	108415	108415
------------------
	2000000	_D3std6format68__T14formattedWriteTS3std5array17__T8AppenderTAyaZ8AppenderTaTdTdTdZ14formattedWriteFNfS3std5array17__T8AppenderTAyaZ8AppenderxAadddZk
_D3std6format68__T14formattedWriteTS3std5array17__T8AppenderTAyaZ8AppenderTaTdTdTdZ14formattedWriteFS3std5array17__T8AppenderTAyaZ8AppenderxAadddZ18__T10__lambda10TdZ10__lambda10FNaNbNiNeKdZxPv	2000000	113842	113842
------------------
	2000000	_D3std6format68__T14formattedWriteTS3std5array17__T8AppenderTAyaZ8AppenderTaTdTdTdZ14formattedWriteFNfS3std5array17__T8AppenderTAyaZ8AppenderxAadddZk
_D3std6format68__T14formattedWriteTS3std5array17__T8AppenderTAyaZ8AppenderTaTdTdTdZ14formattedWriteFS3std5array17__T8AppenderTAyaZ8AppenderxAadddZ18__T10__lambda12TdZ10__lambda12FNaNbNiNeKdZxPv	2000000	108861	108861
------------------
	2000000	_D3std6format68__T14formattedWriteTS3std5array17__T8AppenderTAyaZ8AppenderTaTdTdTdZ14formattedWriteFNfS3std5array17__T8AppenderTAyaZ8AppenderxAadddZk
_D3std6format68__T14formattedWriteTS3std5array17__T8AppenderTAyaZ8AppenderTaTdTdTdZ14formattedWriteFS3std5array17__T8AppenderTAyaZ8AppenderxAadddZ9__lambda7FNaNbNiNeZPFNaNbNfS3std5array17__T8AppenderTAyaZ8AppenderPxvKS3std6format18__T10FormatSpecTaZ10FormatSpecZv	2000000	98869	98869
------------------
	2000000	_D3std6format68__T14formattedWriteTS3std5array17__T8AppenderTAyaZ8AppenderTaTdTdTdZ14formattedWriteFNfS3std5array17__T8AppenderTAyaZ8AppenderxAadddZk
_D3std6format68__T14formattedWriteTS3std5array17__T8AppenderTAyaZ8AppenderTaTdTdTdZ14formattedWriteFS3std5array17__T8AppenderTAyaZ8AppenderxAadddZ9__lambda9FNaNbNiNeZPFNaNbNfS3std5array17__T8AppenderTAyaZ8AppenderPxvKS3std6format18__T10FormatSpecTaZ10FormatSpecZv	2000000	112386	112386
------------------
	6000000	_Dmain
_D3std6random175__T7uniformVAyaa2_5b29TdTdTS3std6random109__T21MersenneTwisterEngineTkVki32Vki624Vki397Vki31Vki2567483615Vki11Vki7Vki2636928640Vki15Vki4022730752Vki18Z21MersenneTwisterEngineZ7uniformFNfddKS3std6random109__T21MersenneTwisterEngineTkVki32Vki624Vki397Vki31Vki2567483615Vki11Vki7Vki2636928640Vki15Vki4022730752Vki18Z21MersenneTwisterEngineZd	6000000	1880399	1562308
	6000000	_D3std9exception27__T7enforceHTC9ExceptionTbZ7enforceFNaNfbLAxaAyakZb
------------------
	    2	_D3std8internal7cstring23__T11tempCStringTuTAyaZ11tempCStringFNbNiNfAyaZS3std8internal7cstring23__T11tempCStringTuTAyaZ11tempCStringFAyaZ3Res
_D3std8internal7cstring23__T11tempCStringTuTAyaZ11tempCStringFAyaZ3Res15trustedVoidInitFNbNiNeZS3std8internal7cstring23__T11tempCStringTuTAyaZ11tempCStringFAyaZ3Res	2	1	1
------------------
	    2	_D3std4file15__T6existsTAyaZ6existsFNbNiNfAyaZb
_D3std8internal7cstring23__T11tempCStringTuTAyaZ11tempCStringFAyaZ3Res6__dtorMFNbNiNeZv	2	0	0
------------------
	    2	_D3std4file15__T6existsTAyaZ6existsFNbNiNfAyaZb
_D3std8internal7cstring23__T11tempCStringTuTAyaZ11tempCStringFNbNiNfAyaZS3std8internal7cstring23__T11tempCStringTuTAyaZ11tempCStringFAyaZ3Res	2	49	28
	    2	_D3std8internal7cstring23__T11tempCStringTuTAyaZ11tempCStringFAyaZ3Res15trustedVoidInitFNbNiNeZS3std8internal7cstring23__T11tempCStringTuTAyaZ11tempCStringFAyaZ3Res
	    2	_D3std3utf20__T10byCodeUnitTAxaZ10byCodeUnitFNaNbNiNfAxaZS3std3utf20__T10byCodeUnitTAxaZ10byCodeUnitFAxaZ14ByCodeUnitImpl
	    2	_D3std3utf12__T5byUTFTuZ75__T5byUTFTS3std3utf20__T10byCodeUnitTAxaZ10byCodeUnitFAxaZ14ByCodeUnitImplZ5byUTFFNaNbNiNfS3std3utf20__T10byCodeUnitTAxaZ10byCodeUnitFAxaZ14ByCodeUnitImplZS3std3utf12__T5byUTFTuZ75__T5byUTFTS3std3utf20__T10byCodeUnitTAxaZ10byCodeUnitFAxaZ14ByCodeUnitImplZ5byUTFFNcS3std3utf20__T10byCodeUnitTAxaZ10byCodeUnitFAxaZ14ByCodeUnitImplZ6Result
	   18	_D3std3utf90__T6encodeVE3std8typecons55__T4FlagVAyaa19_7573655265706c6163656d656e744463686172Z4Flagi1Z6encodeFNaNbNiNfKG2uwZk
------------------
	6000000	_D3std6format61__T11formatValueTS3std5array17__T8AppenderTAyaZ8AppenderTdTaZ11formatValueFNfS3std5array17__T8AppenderTAyaZ8AppenderdKS3std6format18__T10FormatSpecTaZ10FormatSpecZv
	    4	_D3std6format57__T11formatValueTS3std5stdio4File17LockingTextWriterTdTaZ11formatValueFNfS3std5stdio4File17LockingTextWriterdKS3std6format18__T10FormatSpecTaZ10FormatSpecZv
_D3std9algorithm9searching34__T4findVAyaa6_61203d3d2062TAyaTaZ4findFNaNfAyaaZAya	6000004	483856	483856
------------------
	6000000	_D3std6random175__T7uniformVAyaa2_5b29TdTdTS3std6random109__T21MersenneTwisterEngineTkVki32Vki624Vki397Vki31Vki2567483615Vki11Vki7Vki2636928640Vki15Vki4022730752Vki18Z21MersenneTwisterEngineZ7uniformFNfddKS3std6random109__T21MersenneTwisterEngineTkVki32Vki624Vki397Vki31Vki2567483615Vki11Vki7Vki2636928640Vki15Vki4022730752Vki18Z21MersenneTwisterEngineZd
	    2	_D3std5stdio4File22__T5writeTAyaTkTAyaTaZ5writeMFNfAyakAyaaZv
	    4	_D3std5stdio4File18__T5writeTAyaTlTaZ5writeMFNfAyalaZv
	    4	_D3std5stdio4File18__T5writeTAyaTdTaZ5writeMFNfAyadaZv
	    2	_D3std5stdio4File13__T6readlnTaZ6readlnMFKAawZk
_D3std9exception27__T7enforceHTC9ExceptionTbZ7enforceFNaNfbLAxaAyakZb	6000012	318092	318092
------------------
	6000000	_D3std6format18__T10FormatSpecTaZ10FormatSpec63__T17writeUpToNextSpecTS3std5array17__T8AppenderTAyaZ8AppenderZ17writeUpToNextSpecMFNaNfS3std5array17__T8AppenderTAyaZ8AppenderZb
	6000000	_D3std6format61__T11formatValueTS3std5array17__T8AppenderTAyaZ8AppenderTdTaZ11formatValueFNfS3std5array17__T8AppenderTAyaZ8AppenderdKS3std6format18__T10FormatSpecTaZ10FormatSpecZv
	    4	_D3std6format18__T10FormatSpecTaZ10FormatSpec59__T17writeUpToNextSpecTS3std5stdio4File17LockingTextWriterZ17writeUpToNextSpecMFNfS3std5stdio4File17LockingTextWriterZb
	    4	_D3std6format57__T11formatValueTS3std5stdio4File17LockingTextWriterTdTaZ11formatValueFNfS3std5stdio4File17LockingTextWriterdKS3std6format18__T10FormatSpecTaZ10FormatSpecZv
_D3std9exception45__T9enforceExHTC3std6format15FormatExceptionZ16__T9enforceExTbZ9enforceExFNaNfbLAyaAyakZb	12000008	608289	608289
------------------
	    2	_Dmain
_D4main16benchWalktrhoughFZv	2	303286	303286
------------------
	    2	_Dmain
	    2	_D5sidal6parser10SidalRange15parseSuperValueMFNbZv
_D5sidal6parser10SidalRange10nextBufferMFNbZv	4	2	2
------------------
	2000000	_D5sidal6parser10SidalRange15parseSuperValueMFNbZv
_D5sidal6parser10SidalRange11parseStringMFNbPaZv	2000000	197723	197723
------------------
	34000010	_Dmain
_D5sidal6parser10SidalRange15parseSuperValueMFNbZv	34000010	7139922	6942198
	2000000	_D5sidal6parser10SidalRange11parseStringMFNbPaZv
	    2	_D5sidal6parser10SidalRange10nextBufferMFNbZv
------------------
	    2	_Dmain
_D5sidal6parser10SidalRange8subEmptyMFZb	2	2	2
------------------
_Dmain	0	1474406747	4050923
	    2	_D3std4file15__T6existsTAyaZ6existsFNbNiNfAyaZb
	6000000	_D3std6random175__T7uniformVAyaa2_5b29TdTdTS3std6random109__T21MersenneTwisterEngineTkVki32Vki624Vki397Vki31Vki2567483615Vki11Vki7Vki2636928640Vki15Vki4022730752Vki18Z21MersenneTwisterEngineZ7uniformFNfddKS3std6random109__T21MersenneTwisterEngineTkVki32Vki624Vki397Vki31Vki2567483615Vki11Vki7Vki2636928640Vki15Vki4022730752Vki18Z21MersenneTwisterEngineZd
	2000000	_D3std6format19__T6formatTaTdTdTdZ6formatFNfxAadddZAya
	    2	_D3std5stdio22__T7writelnTAyaTkTAyaZ7writelnFNfAyakAyaZv
	    2	_D5sidal6parser10SidalRange8subEmptyMFZb
	    2	_D5sidal6parser10SidalRange10nextBufferMFNbZv
	34000010	_D5sidal6parser10SidalRange15parseSuperValueMFNbZv
	    4	_D3std5stdio18__T7writelnTAyaTlZ7writelnFNfAyalZv
	    4	_D3std5stdio18__T7writelnTAyaTdZ7writelnFNfAyadZv
	    2	_D4main16benchWalktrhoughFZv
	    2	_D3std5stdio4File13__T6readlnTaZ6readlnMFKAawZk

======== Timer Is 2612272 Ticks/Sec, Times are in Microsecs ========

  Num          Tree        Func        Per
  Calls        Time        Time        Call

      2   549189086   549189086   274594543     uint std.stdio.File.readln!(char).readln(ref char[], dchar)
34000010     2733223     2657532           0     nothrow void sidal.parser.SidalRange.parseSuperValue()
6000000     2534236     2534236           0     nothrow @nogc @trusted int std.format.formatValue!(std.array.Appender!(immutable(char)[]).Appender, double, char).formatValue(std.array.Appender!(immutable(char)[]).Appender, double, ref std.format.FormatSpec!(char).FormatSpec).__lambda6()
14000000     1786834     1583032           0     pure nothrow @trusted void std.array.Appender!(immutable(char)[]).Appender.ensureAddable(uint)
      1   564415477     1550727     1550727     _Dmain
6000000     5692568     1056394           0     @safe void std.format.formatValue!(std.array.Appender!(immutable(char)[]).Appender, double, char).formatValue(std.array.Appender!(immutable(char)[]).Appender, double, ref std.format.FormatSpec!(char).FormatSpec)
8000000     2575839      864311           0     pure @safe bool std.format.FormatSpec!(char).FormatSpec.writeUpToNextSpec!(std.array.Appender!(immutable(char)[]).Appender).writeUpToNextSpec(std.array.Appender!(immutable(char)[]).Appender)
2000000     9714694      835259           0     @safe uint std.format.formattedWrite!(std.array.Appender!(immutable(char)[]).Appender, char, double, double, double).formattedWrite(std.array.Appender!(immutable(char)[]).Appender, const(char[]), double, double, double)
6000000      719832      598064           0     @safe double std.random.uniform!("[)", double, double, std.random.MersenneTwisterEngine!(uint, 32u, 624u, 397u, 31u, 2567483615u, 11u, 7u, 2636928640u, 15u, 4022730752u, 18u).MersenneTwisterEngine).uniform(double, double, ref std.random.MersenneTwisterEngine!(uint, 32u, 624u, 397u, 31u, 2567483615u, 11u, 7u, 2636928640u, 15u, 4022730752u, 18u).MersenneTwisterEngine)
8000000     1592514      536621           0     pure nothrow @safe void std.array.Appender!(immutable(char)[]).Appender.put!(const(char)[]).put(const(char)[])
8000000     1055893      402337           0     _D3std5array17__T8AppenderTAyaZ8Appender12__T3putTAxaZ3putMFAxaZ10bigDataFunMFNaNbNekZAa
6000000     1802869      367311           0     pure nothrow @safe void std.array.Appender!(immutable(char)[]).Appender.put!(char[]).put(char[])
6000000     6055339      362771           0     void std.format.formatGeneric!(std.array.Appender!(immutable(char)[]).Appender, double, char).formatGeneric(std.array.Appender!(immutable(char)[]).Appender, const(void)*, ref std.format.FormatSpec!(char).FormatSpec)
6000000     1435557      302278           0     _D3std5array17__T8AppenderTAyaZ8Appender11__T3putTAaZ3putMFAaZ10bigDataFunMFNaNbNekZAa
12000008      232858      232858           0     pure @safe bool std.exception.enforceEx!(std.format.FormatException).enforceEx!(bool).enforceEx(bool, lazy immutable(char)[], immutable(char)[], uint)
2000000      228971      228971           0     pure nothrow ref @trusted std.array.Appender!(immutable(char)[]).Appender std.array.Appender!(immutable(char)[]).Appender.__ctor(immutable(char)[])
6000000      203801      203801           0     pure nothrow @nogc @safe uint std.array.appenderNewCapacity!(1u).appenderNewCapacity(uint, uint)
6000004      185224      185224           0     pure @safe immutable(char)[] std.algorithm.searching.find!("a == b", immutable(char)[], char).find(immutable(char)[], char)
2000000    10105230      161563           0     @safe immutable(char)[] std.format.format!(char, double, double, double).format(const(char[]), double, double, double)
6000012      121768      121768           0     pure @safe bool std.exception.enforce!(Exception, bool).enforce(bool, lazy const(char)[], immutable(char)[], uint)
      2      116100      116100       58050     void main.benchWalktrhough()
2000000       75690       75690           0     nothrow void sidal.parser.SidalRange.parseString(char*)
2000000       43579       43579           0     pure nothrow @nogc @trusted const(void*) std.format.formattedWrite!(std.array.Appender!(immutable(char)[]).Appender, char, double, double, double).formattedWrite(std.array.Appender!(immutable(char)[]).Appender, const(char[]), double, double, double).__lambda10!(double).__lambda10(ref double)
2000000       43022       43022           0     pure nothrow @nogc @trusted pure nothrow @safe void function(std.array.Appender!(immutable(char)[]).Appender, const(void)*, ref std.format.FormatSpec!(char).FormatSpec)* std.format.formattedWrite!(std.array.Appender!(immutable(char)[]).Appender, char, double, double, double).formattedWrite(std.array.Appender!(immutable(char)[]).Appender, const(char[]), double, double, double).__lambda9()
2000000       41672       41672           0     pure nothrow @nogc @trusted const(void*) std.format.formattedWrite!(std.array.Appender!(immutable(char)[]).Appender, char, double, double, double).formattedWrite(std.array.Appender!(immutable(char)[]).Appender, const(char[]), double, double, double).__lambda12!(double).__lambda12(ref double)
2000000       41502       41502           0     pure nothrow @nogc @trusted const(void*) std.format.formattedWrite!(std.array.Appender!(immutable(char)[]).Appender, char, double, double, double).formattedWrite(std.array.Appender!(immutable(char)[]).Appender, const(char[]), double, double, double).__lambda8!(double).__lambda8(ref double)
2000000       40630       40630           0     pure nothrow @nogc @trusted pure nothrow @safe void function(std.array.Appender!(immutable(char)[]).Appender, const(void)*, ref std.format.FormatSpec!(char).FormatSpec)* std.format.formattedWrite!(std.array.Appender!(immutable(char)[]).Appender, char, double, double, double).formattedWrite(std.array.Appender!(immutable(char)[]).Appender, const(char[]), double, double, double).__lambda11()
2000000       37847       37847           0     pure nothrow @nogc @trusted pure nothrow @safe void function(std.array.Appender!(immutable(char)[]).Appender, const(void)*, ref std.format.FormatSpec!(char).FormatSpec)* std.format.formattedWrite!(std.array.Appender!(immutable(char)[]).Appender, char, double, double, double).formattedWrite(std.array.Appender!(immutable(char)[]).Appender, const(char[]), double, double, double).__lambda7()
     10         880         880          88     nothrow @nogc @safe void std.stdio.File.LockingTextWriter.put!(char).put(char)
      2         203         184          92     nothrow @nogc @safe bool std.file.exists!(immutable(char)[]).exists(immutable(char)[])
     12          75          75           6     @safe void std.stdio.File.LockingTextWriter.put!(immutable(char)[]).put(immutable(char)[])
      2         391          32          16     @safe void std.stdio.File.write!(immutable(char)[], uint, immutable(char)[], char).write(immutable(char)[], uint, immutable(char)[], char)
      4         443          32           8     @safe void std.stdio.File.write!(immutable(char)[], long, char).write(immutable(char)[], long, char)
      4          37          15           3     @safe uint std.format.formattedWrite!(std.stdio.File.LockingTextWriter, char, double).formattedWrite(std.stdio.File.LockingTextWriter, const(char[]), double)
      2          18          10           5     nothrow @nogc @safe std.internal.cstring.tempCString!(wchar, immutable(char)[]).tempCString(immutable(char)[]).Res std.internal.cstring.tempCString!(wchar, immutable(char)[]).tempCString(immutable(char)[])
      4          10          10           2     nothrow @nogc @trusted int std.format.formatValue!(std.stdio.File.LockingTextWriter, double, char).formatValue(std.stdio.File.LockingTextWriter, double, ref std.format.FormatSpec!(char).FormatSpec).__lambda6()
      2           7           7           3     pure nothrow @nogc @safe std.utf.byUTF!(wchar).byUTF!(std.utf.byCodeUnit!(const(char)[]).byCodeUnit(const(char)[]).ByCodeUnitImpl).byUTF(std.utf.byCodeUnit!(const(char)[]).byCodeUnit(const(char)[]).ByCodeUnitImpl).Result std.utf.byUTF!(wchar).byUTF!(std.utf.byCodeUnit!(const(char)[]).byCodeUnit(const(char)[]).ByCodeUnitImpl).byUTF(std.utf.byCodeUnit!(const(char)[]).byCodeUnit(const(char)[]).ByCodeUnitImpl)
      8           4           4           0     @safe bool std.format.FormatSpec!(char).FormatSpec.writeUpToNextSpec!(std.stdio.File.LockingTextWriter).writeUpToNextSpec(std.stdio.File.LockingTextWriter)
      4         231           3           0     @safe void std.stdio.File.write!(immutable(char)[], double, char).write(immutable(char)[], double, char)
      4          15           3           0     @safe void std.format.formatValue!(std.stdio.File.LockingTextWriter, double, char).formatValue(std.stdio.File.LockingTextWriter, double, ref std.format.FormatSpec!(char).FormatSpec)
      4           3           2           0     @safe void std.conv.toTextRange!(long, std.stdio.File.LockingTextWriter).toTextRange(long, std.stdio.File.LockingTextWriter)
     10           1           1           0     @safe void std.stdio.File.LockingTextWriter.put!(char[]).put(char[])
      2         393           1           0     @safe void std.stdio.writeln!(immutable(char)[], uint, immutable(char)[]).writeln(immutable(char)[], uint, immutable(char)[])
      4         444           1           0     @safe void std.stdio.writeln!(immutable(char)[], long).writeln(immutable(char)[], long)
      4          16           1           0     void std.format.formatGeneric!(std.stdio.File.LockingTextWriter, double, char).formatGeneric(std.stdio.File.LockingTextWriter, const(void)*, ref std.format.FormatSpec!(char).FormatSpec)
      4         233           1           0     @safe void std.stdio.writeln!(immutable(char)[], double).writeln(immutable(char)[], double)
      2           0           0           0     bool sidal.parser.SidalRange.subEmpty()
      2           1           0           0     @safe void std.conv.toTextRange!(uint, std.stdio.File.LockingTextWriter).toTextRange(uint, std.stdio.File.LockingTextWriter)
      4           0           0           0     nothrow void sidal.parser.SidalRange.nextBuffer()
     18           0           0           0     pure nothrow @nogc @safe uint std.utf.encode!(1).encode(ref wchar[2], dchar)
      4           0           0           0     @safe void std.stdio.File.LockingTextWriter.put!(const(char)[]).put(const(char)[])
      2           0           0           0     nothrow @nogc @trusted std.internal.cstring.tempCString!(wchar, immutable(char)[]).tempCString(immutable(char)[]).Res std.internal.cstring.tempCString!(wchar, immutable(char)[]).tempCString(immutable(char)[]).Res.trustedVoidInit()
      2           0           0           0     pure nothrow @nogc @safe std.utf.byCodeUnit!(const(char)[]).byCodeUnit(const(char)[]).ByCodeUnitImpl std.utf.byCodeUnit!(const(char)[]).byCodeUnit(const(char)[])
      2           0           0           0     nothrow @nogc @trusted void std.internal.cstring.tempCString!(wchar, immutable(char)[]).tempCString(immutable(char)[]).Res.__dtor()
      4           0           0           0     pure nothrow @nogc @trusted const(void*) std.format.formattedWrite!(std.stdio.File.LockingTextWriter, char, double).formattedWrite(std.stdio.File.LockingTextWriter, const(char[]), double).__lambda6!(double).__lambda6(ref double)
      4           0           0           0     pure nothrow @nogc @trusted pure nothrow @safe void function(std.stdio.File.LockingTextWriter, const(void)*, ref std.format.FormatSpec!(char).FormatSpec)* std.format.formattedWrite!(std.stdio.File.LockingTextWriter, char, double).formattedWrite(std.stdio.File.LockingTextWriter, const(char[]), double).__lambda5()
